<?xml version="1.0" encoding="UTF-8"?>
<!-- Generated by org.testng.reporters.JUnitReportReporter -->
<testsuite skipped="0" hostname="BLRL5CG0287TTQ" name="com.tmb.auto.tests.PaymentTest" tests="1" failures="0" timestamp="2023-06-01T13:41:55 IST" time="30.552" errors="0">
  <testcase name="Test2" time="30.552" classname="com.tmb.auto.tests.PaymentTest"/>
  <system-out/>
</testsuite> <!-- com.tmb.auto.tests.PaymentTest -->
