<?xml version="1.0" encoding="UTF-8"?>
<!-- Generated by org.testng.reporters.JUnitReportReporter -->
<testsuite skipped="0" hostname="BLRL5CG0287TTQ" name="com.tmb.auto.tests.LoginTest" tests="1" failures="0" timestamp="2023-03-19T16:50:15 IST" time="27.205" errors="0">
  <testcase name="loginTest" time="27.205" classname="com.tmb.auto.tests.LoginTest"/>
  <system-out/>
</testsuite> <!-- com.tmb.auto.tests.LoginTest -->
